[2020-03-18 10:02:38:1153][restartedMain] INFO  com.daumsoft.leaf.DemoApplication - Starting DemoApplication on Daumsoft-Seungwoo with PID 15724 (C:\practice\leaf\bin\main started by Daumsoft in C:\practice\leaf)
[2020-03-18 10:02:38:1167][restartedMain] INFO  com.daumsoft.leaf.DemoApplication - No active profile set, falling back to default profiles: default
[2020-03-18 10:02:40:3813][restartedMain] INFO  com.daumsoft.leaf.DemoApplication - Started DemoApplication in 3.438 seconds (JVM running for 4.168)
[2020-03-18 10:03:16:39062][http-nio-8080-exec-3] INFO  c.d.leaf.controller.MainController - user: User(id=starhn87, password=1234, name=Lee Seungwoo, authType=web)
[2020-03-18 10:05:02:145661][http-nio-8080-exec-4] INFO  c.d.leaf.controller.MainController - user: User(id=starhn87, password=1234, name=Lee Seungwoo, authType=web)
[2020-03-18 10:05:40:183773][restartedMain] INFO  com.daumsoft.leaf.DemoApplication - Starting DemoApplication on Daumsoft-Seungwoo with PID 15724 (C:\practice\leaf\bin\main started by Daumsoft in C:\practice\leaf)
[2020-03-18 10:05:40:183773][restartedMain] INFO  com.daumsoft.leaf.DemoApplication - No active profile set, falling back to default profiles: default
[2020-03-18 10:05:41:184352][restartedMain] INFO  com.daumsoft.leaf.DemoApplication - Started DemoApplication in 0.64 seconds (JVM running for 184.706)
[2020-03-18 10:05:49:191998][http-nio-8080-exec-1] INFO  c.d.leaf.controller.MainController - user: User(id=starhn87, password=1234, name=Lee Seungwoo, authType=web)
[2020-03-18 10:07:24:1328][restartedMain] INFO  com.daumsoft.leaf.DemoApplication - Starting DemoApplication on Daumsoft-Seungwoo with PID 13012 (C:\practice\leaf\bin\main started by Daumsoft in C:\practice\leaf)
[2020-03-18 10:07:24:1331][restartedMain] INFO  com.daumsoft.leaf.DemoApplication - No active profile set, falling back to default profiles: default
[2020-03-18 10:07:27:4013][restartedMain] INFO  com.daumsoft.leaf.DemoApplication - Started DemoApplication in 3.627 seconds (JVM running for 4.272)
[2020-03-18 10:08:24:61228][http-nio-8080-exec-1] INFO  c.d.leaf.controller.MainController - user: User(id=starhn87, password=1234, name=Lee Seungwoo, authType=web)
[2020-03-18 10:08:54:91109][restartedMain] INFO  com.daumsoft.leaf.DemoApplication - Starting DemoApplication on Daumsoft-Seungwoo with PID 13012 (C:\practice\leaf\bin\main started by Daumsoft in C:\practice\leaf)
[2020-03-18 10:08:54:91110][restartedMain] INFO  com.daumsoft.leaf.DemoApplication - No active profile set, falling back to default profiles: default
[2020-03-18 10:08:55:91808][restartedMain] INFO  com.daumsoft.leaf.DemoApplication - Started DemoApplication in 0.749 seconds (JVM running for 92.067)
[2020-03-18 10:09:04:100687][restartedMain] INFO  com.daumsoft.leaf.DemoApplication - Starting DemoApplication on Daumsoft-Seungwoo with PID 13012 (C:\practice\leaf\bin\main started by Daumsoft in C:\practice\leaf)
[2020-03-18 10:09:04:100687][restartedMain] INFO  com.daumsoft.leaf.DemoApplication - No active profile set, falling back to default profiles: default
[2020-03-18 10:09:04:101237][restartedMain] INFO  com.daumsoft.leaf.DemoApplication - Started DemoApplication in 0.599 seconds (JVM running for 101.496)
[2020-03-18 10:09:06:102993][restartedMain] INFO  com.daumsoft.leaf.DemoApplication - Starting DemoApplication on Daumsoft-Seungwoo with PID 13012 (C:\practice\leaf\bin\main started by Daumsoft in C:\practice\leaf)
[2020-03-18 10:09:06:102994][restartedMain] INFO  com.daumsoft.leaf.DemoApplication - No active profile set, falling back to default profiles: default
[2020-03-18 10:09:07:103453][restartedMain] INFO  com.daumsoft.leaf.DemoApplication - Started DemoApplication in 0.509 seconds (JVM running for 103.712)
[2020-03-18 10:11:05:221513][http-nio-8080-exec-1] INFO  c.d.leaf.controller.MainController - user: User(id=starhn87, password=1234, name=Lee Seungwoo, authType=web)
[2020-03-18 10:12:16:293094][restartedMain] INFO  com.daumsoft.leaf.DemoApplication - Starting DemoApplication on Daumsoft-Seungwoo with PID 13012 (C:\practice\leaf\bin\main started by Daumsoft in C:\practice\leaf)
[2020-03-18 10:12:16:293095][restartedMain] INFO  com.daumsoft.leaf.DemoApplication - No active profile set, falling back to default profiles: default
[2020-03-18 10:12:17:293475][restartedMain] INFO  com.daumsoft.leaf.DemoApplication - Started DemoApplication in 0.424 seconds (JVM running for 293.734)
[2020-03-18 10:12:19:296350][restartedMain] INFO  com.daumsoft.leaf.DemoApplication - Starting DemoApplication on Daumsoft-Seungwoo with PID 13012 (C:\practice\leaf\bin\main started by Daumsoft in C:\practice\leaf)
[2020-03-18 10:12:19:296350][restartedMain] INFO  com.daumsoft.leaf.DemoApplication - No active profile set, falling back to default profiles: default
[2020-03-18 10:12:20:296795][restartedMain] INFO  com.daumsoft.leaf.DemoApplication - Started DemoApplication in 0.498 seconds (JVM running for 297.055)
[2020-03-18 10:12:26:302667][http-nio-8080-exec-1] INFO  c.d.leaf.controller.MainController - user: User(id=starhn87, password=1234, name=Lee Seungwoo, authType=web)
[2020-03-18 10:14:02:399112][restartedMain] INFO  com.daumsoft.leaf.DemoApplication - Starting DemoApplication on Daumsoft-Seungwoo with PID 13012 (C:\practice\leaf\bin\main started by Daumsoft in C:\practice\leaf)
[2020-03-18 10:14:02:399112][restartedMain] INFO  com.daumsoft.leaf.DemoApplication - No active profile set, falling back to default profiles: default
[2020-03-18 10:14:03:399505][restartedMain] INFO  com.daumsoft.leaf.DemoApplication - Started DemoApplication in 0.436 seconds (JVM running for 399.765)
[2020-03-18 10:14:08:405350][restartedMain] INFO  com.daumsoft.leaf.DemoApplication - Starting DemoApplication on Daumsoft-Seungwoo with PID 13012 (C:\practice\leaf\bin\main started by Daumsoft in C:\practice\leaf)
[2020-03-18 10:14:08:405350][restartedMain] INFO  com.daumsoft.leaf.DemoApplication - No active profile set, falling back to default profiles: default
[2020-03-18 10:14:09:405706][restartedMain] INFO  com.daumsoft.leaf.DemoApplication - Started DemoApplication in 0.403 seconds (JVM running for 405.966)
[2020-03-18 10:14:16:412532][restartedMain] INFO  com.daumsoft.leaf.DemoApplication - Starting DemoApplication on Daumsoft-Seungwoo with PID 13012 (C:\practice\leaf\bin\main started by Daumsoft in C:\practice\leaf)
[2020-03-18 10:14:16:412534][restartedMain] INFO  com.daumsoft.leaf.DemoApplication - No active profile set, falling back to default profiles: default
[2020-03-18 10:14:16:412859][restartedMain] INFO  com.daumsoft.leaf.DemoApplication - Started DemoApplication in 0.364 seconds (JVM running for 413.118)
[2020-03-18 10:14:25:421452][http-nio-8080-exec-1] INFO  c.d.leaf.controller.MainController - start!!!
[2020-03-18 10:15:17:473374][restartedMain] INFO  com.daumsoft.leaf.DemoApplication - Starting DemoApplication on Daumsoft-Seungwoo with PID 13012 (C:\practice\leaf\bin\main started by Daumsoft in C:\practice\leaf)
[2020-03-18 10:15:17:473375][restartedMain] INFO  com.daumsoft.leaf.DemoApplication - No active profile set, falling back to default profiles: default
[2020-03-18 10:15:17:473703][restartedMain] INFO  com.daumsoft.leaf.DemoApplication - Started DemoApplication in 0.367 seconds (JVM running for 473.963)
[2020-03-18 10:15:25:481495][restartedMain] INFO  com.daumsoft.leaf.DemoApplication - Starting DemoApplication on Daumsoft-Seungwoo with PID 13012 (C:\practice\leaf\bin\main started by Daumsoft in C:\practice\leaf)
[2020-03-18 10:15:25:481496][restartedMain] INFO  com.daumsoft.leaf.DemoApplication - No active profile set, falling back to default profiles: default
[2020-03-18 10:15:25:481867][restartedMain] INFO  com.daumsoft.leaf.DemoApplication - Started DemoApplication in 0.411 seconds (JVM running for 482.127)
[2020-03-18 10:16:04:520742][http-nio-8080-exec-1] INFO  c.d.leaf.controller.MainController - start!!!
[2020-03-18 10:16:53:569704][http-nio-8080-exec-2] INFO  c.d.leaf.controller.MainController - start!!!
[2020-03-18 10:17:10:586854][http-nio-8080-exec-3] INFO  c.d.leaf.controller.MainController - start!!!
[2020-03-18 10:18:35:672237][restartedMain] INFO  com.daumsoft.leaf.DemoApplication - Starting DemoApplication on Daumsoft-Seungwoo with PID 13012 (C:\practice\leaf\bin\main started by Daumsoft in C:\practice\leaf)
[2020-03-18 10:18:35:672238][restartedMain] INFO  com.daumsoft.leaf.DemoApplication - No active profile set, falling back to default profiles: default
[2020-03-18 10:18:36:672578][restartedMain] INFO  com.daumsoft.leaf.DemoApplication - Started DemoApplication in 0.386 seconds (JVM running for 672.836)
[2020-03-18 10:18:38:674391][restartedMain] INFO  com.daumsoft.leaf.DemoApplication - Starting DemoApplication on Daumsoft-Seungwoo with PID 13012 (C:\practice\leaf\bin\main started by Daumsoft in C:\practice\leaf)
[2020-03-18 10:18:38:674391][restartedMain] INFO  com.daumsoft.leaf.DemoApplication - No active profile set, falling back to default profiles: default
[2020-03-18 10:18:38:674695][restartedMain] INFO  com.daumsoft.leaf.DemoApplication - Started DemoApplication in 0.342 seconds (JVM running for 674.954)
[2020-03-18 10:19:04:700629][restartedMain] INFO  com.daumsoft.leaf.DemoApplication - Starting DemoApplication on Daumsoft-Seungwoo with PID 13012 (C:\practice\leaf\bin\main started by Daumsoft in C:\practice\leaf)
[2020-03-18 10:19:04:700630][restartedMain] INFO  com.daumsoft.leaf.DemoApplication - No active profile set, falling back to default profiles: default
[2020-03-18 10:19:07:703382][restartedMain] INFO  com.daumsoft.leaf.DemoApplication - Starting DemoApplication on Daumsoft-Seungwoo with PID 13012 (C:\practice\leaf\bin\main started by Daumsoft in C:\practice\leaf)
[2020-03-18 10:19:07:703382][restartedMain] INFO  com.daumsoft.leaf.DemoApplication - No active profile set, falling back to default profiles: default
[2020-03-18 10:19:07:703835][restartedMain] INFO  com.daumsoft.leaf.DemoApplication - Started DemoApplication in 0.485 seconds (JVM running for 704.094)
[2020-03-18 10:19:09:705713][restartedMain] INFO  com.daumsoft.leaf.DemoApplication - Starting DemoApplication on Daumsoft-Seungwoo with PID 13012 (C:\practice\leaf\bin\main started by Daumsoft in C:\practice\leaf)
[2020-03-18 10:19:09:705713][restartedMain] INFO  com.daumsoft.leaf.DemoApplication - No active profile set, falling back to default profiles: default
[2020-03-18 10:19:09:706113][restartedMain] INFO  com.daumsoft.leaf.DemoApplication - Started DemoApplication in 0.457 seconds (JVM running for 706.371)
[2020-03-18 10:19:13:710078][http-nio-8080-exec-1] INFO  c.d.leaf.controller.MainController - start!!!
[2020-03-18 10:19:41:737434][http-nio-8080-exec-2] INFO  c.d.leaf.controller.MainController - start!!!
[2020-03-18 10:20:04:760540][restartedMain] INFO  com.daumsoft.leaf.DemoApplication - Starting DemoApplication on Daumsoft-Seungwoo with PID 13012 (C:\practice\leaf\bin\main started by Daumsoft in C:\practice\leaf)
[2020-03-18 10:20:04:760540][restartedMain] INFO  com.daumsoft.leaf.DemoApplication - No active profile set, falling back to default profiles: default
[2020-03-18 10:20:04:760810][restartedMain] INFO  com.daumsoft.leaf.DemoApplication - Started DemoApplication in 0.303 seconds (JVM running for 761.069)
[2020-03-18 10:20:06:762576][restartedMain] INFO  com.daumsoft.leaf.DemoApplication - Starting DemoApplication on Daumsoft-Seungwoo with PID 13012 (C:\practice\leaf\bin\main started by Daumsoft in C:\practice\leaf)
[2020-03-18 10:20:06:762577][restartedMain] INFO  com.daumsoft.leaf.DemoApplication - No active profile set, falling back to default profiles: default
[2020-03-18 10:20:06:762878][restartedMain] INFO  com.daumsoft.leaf.DemoApplication - Started DemoApplication in 0.338 seconds (JVM running for 763.137)
[2020-03-18 10:20:06:763142][http-nio-8080-exec-1] INFO  c.d.leaf.controller.MainController - start!!!
[2020-03-18 10:20:14:770656][restartedMain] INFO  com.daumsoft.leaf.DemoApplication - Starting DemoApplication on Daumsoft-Seungwoo with PID 13012 (C:\practice\leaf\bin\main started by Daumsoft in C:\practice\leaf)
[2020-03-18 10:20:14:770656][restartedMain] INFO  com.daumsoft.leaf.DemoApplication - No active profile set, falling back to default profiles: default
[2020-03-18 10:20:14:770925][restartedMain] INFO  com.daumsoft.leaf.DemoApplication - Started DemoApplication in 0.306 seconds (JVM running for 771.184)
[2020-03-18 10:20:22:778506][http-nio-8080-exec-1] INFO  c.d.leaf.controller.MainController - start!!!
[2020-03-18 10:21:45:861860][http-nio-8080-exec-2] INFO  c.d.leaf.controller.MainController - start!!!
[2020-03-18 10:22:32:908812][restartedMain] INFO  com.daumsoft.leaf.DemoApplication - Starting DemoApplication on Daumsoft-Seungwoo with PID 13012 (C:\practice\leaf\bin\main started by Daumsoft in C:\practice\leaf)
[2020-03-18 10:22:32:908812][restartedMain] INFO  com.daumsoft.leaf.DemoApplication - No active profile set, falling back to default profiles: default
[2020-03-18 10:22:32:909075][restartedMain] INFO  com.daumsoft.leaf.DemoApplication - Started DemoApplication in 0.299 seconds (JVM running for 909.334)
[2020-03-18 10:22:36:912898][restartedMain] INFO  com.daumsoft.leaf.DemoApplication - Starting DemoApplication on Daumsoft-Seungwoo with PID 13012 (C:\practice\leaf\bin\main started by Daumsoft in C:\practice\leaf)
[2020-03-18 10:22:36:912899][restartedMain] INFO  com.daumsoft.leaf.DemoApplication - No active profile set, falling back to default profiles: default
[2020-03-18 10:22:36:913211][restartedMain] INFO  com.daumsoft.leaf.DemoApplication - Started DemoApplication in 0.366 seconds (JVM running for 913.47)
[2020-03-18 10:22:45:921615][http-nio-8080-exec-1] INFO  c.d.leaf.controller.MainController - start!!!
[2020-03-18 10:23:07:944198][http-nio-8080-exec-2] INFO  c.d.leaf.controller.MainController - start!!!
[2020-03-18 10:24:09:1005654][http-nio-8080-exec-4] INFO  c.d.leaf.controller.MainController - start!!!
[2020-03-18 10:24:27:1024248][restartedMain] INFO  com.daumsoft.leaf.DemoApplication - Starting DemoApplication on Daumsoft-Seungwoo with PID 13012 (C:\practice\leaf\bin\main started by Daumsoft in C:\practice\leaf)
[2020-03-18 10:24:27:1024249][restartedMain] INFO  com.daumsoft.leaf.DemoApplication - No active profile set, falling back to default profiles: default
[2020-03-18 10:24:28:1024558][restartedMain] INFO  com.daumsoft.leaf.DemoApplication - Started DemoApplication in 0.359 seconds (JVM running for 1024.817)
[2020-03-18 10:24:29:1025561][http-nio-8080-exec-1] INFO  c.d.leaf.controller.MainController - start!!!
[2020-03-18 10:24:41:1037435][restartedMain] INFO  com.daumsoft.leaf.DemoApplication - Starting DemoApplication on Daumsoft-Seungwoo with PID 13012 (C:\practice\leaf\bin\main started by Daumsoft in C:\practice\leaf)
[2020-03-18 10:24:41:1037435][restartedMain] INFO  com.daumsoft.leaf.DemoApplication - No active profile set, falling back to default profiles: default
[2020-03-18 10:24:41:1037694][restartedMain] INFO  com.daumsoft.leaf.DemoApplication - Started DemoApplication in 0.291 seconds (JVM running for 1037.954)
[2020-03-18 10:24:43:1039443][restartedMain] INFO  com.daumsoft.leaf.DemoApplication - Starting DemoApplication on Daumsoft-Seungwoo with PID 13012 (C:\practice\leaf\bin\main started by Daumsoft in C:\practice\leaf)
[2020-03-18 10:24:43:1039443][restartedMain] INFO  com.daumsoft.leaf.DemoApplication - No active profile set, falling back to default profiles: default
[2020-03-18 10:24:43:1039724][restartedMain] INFO  com.daumsoft.leaf.DemoApplication - Started DemoApplication in 0.311 seconds (JVM running for 1039.983)
[2020-03-18 10:24:45:1041503][restartedMain] INFO  com.daumsoft.leaf.DemoApplication - Starting DemoApplication on Daumsoft-Seungwoo with PID 13012 (C:\practice\leaf\bin\main started by Daumsoft in C:\practice\leaf)
[2020-03-18 10:24:45:1041504][restartedMain] INFO  com.daumsoft.leaf.DemoApplication - No active profile set, falling back to default profiles: default
[2020-03-18 10:24:45:1041768][restartedMain] INFO  com.daumsoft.leaf.DemoApplication - Started DemoApplication in 0.304 seconds (JVM running for 1042.028)
[2020-03-18 10:24:48:1044565][restartedMain] INFO  com.daumsoft.leaf.DemoApplication - Starting DemoApplication on Daumsoft-Seungwoo with PID 13012 (C:\practice\leaf\bin\main started by Daumsoft in C:\practice\leaf)
[2020-03-18 10:24:48:1044565][restartedMain] INFO  com.daumsoft.leaf.DemoApplication - No active profile set, falling back to default profiles: default
[2020-03-18 10:24:48:1044842][restartedMain] INFO  com.daumsoft.leaf.DemoApplication - Started DemoApplication in 0.315 seconds (JVM running for 1045.103)
[2020-03-18 10:24:56:1052955][http-nio-8080-exec-1] INFO  c.d.leaf.controller.MainController - start!!!
[2020-03-18 10:25:09:1065860][restartedMain] INFO  com.daumsoft.leaf.DemoApplication - Starting DemoApplication on Daumsoft-Seungwoo with PID 13012 (C:\practice\leaf\bin\main started by Daumsoft in C:\practice\leaf)
[2020-03-18 10:25:09:1065861][restartedMain] INFO  com.daumsoft.leaf.DemoApplication - No active profile set, falling back to default profiles: default
[2020-03-18 10:25:09:1066115][restartedMain] INFO  com.daumsoft.leaf.DemoApplication - Started DemoApplication in 0.288 seconds (JVM running for 1066.374)
[2020-03-18 10:25:16:1072919][restartedMain] INFO  com.daumsoft.leaf.DemoApplication - Starting DemoApplication on Daumsoft-Seungwoo with PID 13012 (C:\practice\leaf\bin\main started by Daumsoft in C:\practice\leaf)
[2020-03-18 10:25:16:1072920][restartedMain] INFO  com.daumsoft.leaf.DemoApplication - No active profile set, falling back to default profiles: default
[2020-03-18 10:25:16:1073149][restartedMain] INFO  com.daumsoft.leaf.DemoApplication - Started DemoApplication in 0.265 seconds (JVM running for 1073.41)
[2020-03-18 10:25:25:1082246][http-nio-8080-exec-1] INFO  c.d.leaf.controller.MainController - start!!!
[2020-03-18 10:25:53:1110325][restartedMain] INFO  com.daumsoft.leaf.DemoApplication - Starting DemoApplication on Daumsoft-Seungwoo with PID 13012 (C:\practice\leaf\bin\main started by Daumsoft in C:\practice\leaf)
[2020-03-18 10:25:53:1110325][restartedMain] INFO  com.daumsoft.leaf.DemoApplication - No active profile set, falling back to default profiles: default
[2020-03-18 10:25:54:1110601][restartedMain] INFO  com.daumsoft.leaf.DemoApplication - Started DemoApplication in 0.316 seconds (JVM running for 1110.86)
[2020-03-18 10:26:04:1120466][restartedMain] INFO  com.daumsoft.leaf.DemoApplication - Starting DemoApplication on Daumsoft-Seungwoo with PID 13012 (C:\practice\leaf\bin\main started by Daumsoft in C:\practice\leaf)
[2020-03-18 10:26:04:1120467][restartedMain] INFO  com.daumsoft.leaf.DemoApplication - No active profile set, falling back to default profiles: default
[2020-03-18 10:26:04:1120701][restartedMain] INFO  com.daumsoft.leaf.DemoApplication - Started DemoApplication in 0.267 seconds (JVM running for 1120.961)
[2020-03-18 10:26:11:1127479][restartedMain] INFO  com.daumsoft.leaf.DemoApplication - Starting DemoApplication on Daumsoft-Seungwoo with PID 13012 (C:\practice\leaf\bin\main started by Daumsoft in C:\practice\leaf)
[2020-03-18 10:26:11:1127479][restartedMain] INFO  com.daumsoft.leaf.DemoApplication - No active profile set, falling back to default profiles: default
[2020-03-18 10:26:11:1127779][restartedMain] INFO  com.daumsoft.leaf.DemoApplication - Started DemoApplication in 0.338 seconds (JVM running for 1128.038)
[2020-03-18 10:26:13:1129715][restartedMain] INFO  com.daumsoft.leaf.DemoApplication - Starting DemoApplication on Daumsoft-Seungwoo with PID 13012 (C:\practice\leaf\bin\main started by Daumsoft in C:\practice\leaf)
[2020-03-18 10:26:13:1129716][restartedMain] INFO  com.daumsoft.leaf.DemoApplication - No active profile set, falling back to default profiles: default
[2020-03-18 10:26:13:1130184][restartedMain] INFO  com.daumsoft.leaf.DemoApplication - Started DemoApplication in 0.544 seconds (JVM running for 1130.444)
[2020-03-18 10:27:00:1176884][http-nio-8080-exec-1] INFO  c.d.leaf.controller.MainController - start!!!
[2020-03-18 10:27:08:1184489][restartedMain] INFO  com.daumsoft.leaf.DemoApplication - Starting DemoApplication on Daumsoft-Seungwoo with PID 13012 (C:\practice\leaf\bin\main started by Daumsoft in C:\practice\leaf)
[2020-03-18 10:27:08:1184489][restartedMain] INFO  com.daumsoft.leaf.DemoApplication - No active profile set, falling back to default profiles: default
[2020-03-18 10:27:08:1184741][restartedMain] INFO  com.daumsoft.leaf.DemoApplication - Started DemoApplication in 0.285 seconds (JVM running for 1185.001)
[2020-03-18 10:27:13:1189855][http-nio-8080-exec-1] INFO  c.d.leaf.controller.MainController - start!!!
[2020-03-18 10:27:49:1225903][restartedMain] INFO  com.daumsoft.leaf.DemoApplication - Starting DemoApplication on Daumsoft-Seungwoo with PID 13012 (C:\practice\leaf\bin\main started by Daumsoft in C:\practice\leaf)
[2020-03-18 10:27:49:1225903][restartedMain] INFO  com.daumsoft.leaf.DemoApplication - No active profile set, falling back to default profiles: default
[2020-03-18 10:27:49:1226153][restartedMain] INFO  com.daumsoft.leaf.DemoApplication - Started DemoApplication in 0.289 seconds (JVM running for 1226.413)
[2020-03-18 10:27:54:1231105][restartedMain] INFO  com.daumsoft.leaf.DemoApplication - Starting DemoApplication on Daumsoft-Seungwoo with PID 13012 (C:\practice\leaf\bin\main started by Daumsoft in C:\practice\leaf)
[2020-03-18 10:27:54:1231105][restartedMain] INFO  com.daumsoft.leaf.DemoApplication - No active profile set, falling back to default profiles: default
[2020-03-18 10:27:54:1231351][restartedMain] INFO  com.daumsoft.leaf.DemoApplication - Started DemoApplication in 0.288 seconds (JVM running for 1231.611)
[2020-03-18 10:27:56:1233104][restartedMain] INFO  com.daumsoft.leaf.DemoApplication - Starting DemoApplication on Daumsoft-Seungwoo with PID 13012 (C:\practice\leaf\bin\main started by Daumsoft in C:\practice\leaf)
[2020-03-18 10:27:56:1233104][restartedMain] INFO  com.daumsoft.leaf.DemoApplication - No active profile set, falling back to default profiles: default
[2020-03-18 10:27:56:1233336][restartedMain] INFO  com.daumsoft.leaf.DemoApplication - Started DemoApplication in 0.26 seconds (JVM running for 1233.597)
[2020-03-18 10:28:17:1253908][http-nio-8080-exec-1] INFO  c.d.leaf.controller.MainController - start!!!
[2020-03-18 10:29:30:1327160][restartedMain] INFO  com.daumsoft.leaf.DemoApplication - Starting DemoApplication on Daumsoft-Seungwoo with PID 13012 (C:\practice\leaf\bin\main started by Daumsoft in C:\practice\leaf)
[2020-03-18 10:29:30:1327160][restartedMain] INFO  com.daumsoft.leaf.DemoApplication - No active profile set, falling back to default profiles: default
[2020-03-18 10:29:31:1327414][restartedMain] INFO  com.daumsoft.leaf.DemoApplication - Started DemoApplication in 0.289 seconds (JVM running for 1327.672)
[2020-03-18 10:29:33:1330191][restartedMain] INFO  com.daumsoft.leaf.DemoApplication - Starting DemoApplication on Daumsoft-Seungwoo with PID 13012 (C:\practice\leaf\bin\main started by Daumsoft in C:\practice\leaf)
[2020-03-18 10:29:33:1330191][restartedMain] INFO  com.daumsoft.leaf.DemoApplication - No active profile set, falling back to default profiles: default
[2020-03-18 10:29:34:1330429][restartedMain] INFO  com.daumsoft.leaf.DemoApplication - Started DemoApplication in 0.273 seconds (JVM running for 1330.689)
[2020-03-18 10:29:36:1333333][restartedMain] INFO  com.daumsoft.leaf.DemoApplication - Starting DemoApplication on Daumsoft-Seungwoo with PID 13012 (C:\practice\leaf\bin\main started by Daumsoft in C:\practice\leaf)
[2020-03-18 10:29:36:1333333][restartedMain] INFO  com.daumsoft.leaf.DemoApplication - No active profile set, falling back to default profiles: default
[2020-03-18 10:29:37:1333638][restartedMain] INFO  com.daumsoft.leaf.DemoApplication - Started DemoApplication in 0.342 seconds (JVM running for 1333.897)
[2020-03-18 10:29:40:1336396][restartedMain] INFO  com.daumsoft.leaf.DemoApplication - Starting DemoApplication on Daumsoft-Seungwoo with PID 13012 (C:\practice\leaf\bin\main started by Daumsoft in C:\practice\leaf)
[2020-03-18 10:29:40:1336396][restartedMain] INFO  com.daumsoft.leaf.DemoApplication - No active profile set, falling back to default profiles: default
[2020-03-18 10:29:40:1336647][restartedMain] INFO  com.daumsoft.leaf.DemoApplication - Started DemoApplication in 0.281 seconds (JVM running for 1336.906)
[2020-03-18 10:29:45:1341479][restartedMain] INFO  com.daumsoft.leaf.DemoApplication - Starting DemoApplication on Daumsoft-Seungwoo with PID 13012 (C:\practice\leaf\bin\main started by Daumsoft in C:\practice\leaf)
[2020-03-18 10:29:45:1341479][restartedMain] INFO  com.daumsoft.leaf.DemoApplication - No active profile set, falling back to default profiles: default
[2020-03-18 10:29:45:1341827][restartedMain] INFO  com.daumsoft.leaf.DemoApplication - Started DemoApplication in 0.395 seconds (JVM running for 1342.086)
[2020-03-18 10:30:03:1163][restartedMain] INFO  com.daumsoft.leaf.DemoApplication - Starting DemoApplication on Daumsoft-Seungwoo with PID 14188 (C:\practice\leaf\bin\main started by Daumsoft in C:\practice\leaf)
[2020-03-18 10:30:03:1167][restartedMain] INFO  com.daumsoft.leaf.DemoApplication - No active profile set, falling back to default profiles: default
[2020-03-18 10:30:06:3738][restartedMain] INFO  com.daumsoft.leaf.DemoApplication - Started DemoApplication in 3.329 seconds (JVM running for 4.088)
[2020-03-18 10:30:21:19098][http-nio-8080-exec-1] INFO  c.d.leaf.controller.MainController - start!!!
[2020-03-18 10:31:13:71340][http-nio-8080-exec-2] INFO  c.d.leaf.controller.MainController - start!!!
[2020-03-18 10:32:24:142381][http-nio-8080-exec-4] INFO  c.d.leaf.controller.MainController - start!!!
[2020-03-18 10:32:56:173868][restartedMain] INFO  com.daumsoft.leaf.DemoApplication - Starting DemoApplication on Daumsoft-Seungwoo with PID 14188 (C:\practice\leaf\bin\main started by Daumsoft in C:\practice\leaf)
[2020-03-18 10:32:56:173868][restartedMain] INFO  com.daumsoft.leaf.DemoApplication - No active profile set, falling back to default profiles: default
[2020-03-18 10:32:57:174491][restartedMain] INFO  com.daumsoft.leaf.DemoApplication - Started DemoApplication in 0.7 seconds (JVM running for 174.842)
[2020-03-18 10:33:00:177838][http-nio-8080-exec-1] INFO  c.d.leaf.controller.MainController - start!!!
[2020-03-18 10:33:19:1100][restartedMain] INFO  com.daumsoft.leaf.DemoApplication - Starting DemoApplication on Daumsoft-Seungwoo with PID 15172 (C:\practice\leaf\bin\main started by Daumsoft in C:\practice\leaf)
[2020-03-18 10:33:19:1116][restartedMain] INFO  com.daumsoft.leaf.DemoApplication - No active profile set, falling back to default profiles: default
[2020-03-18 10:33:22:4064][restartedMain] INFO  com.daumsoft.leaf.DemoApplication - Started DemoApplication in 3.682 seconds (JVM running for 4.456)
[2020-03-18 10:33:24:6881][http-nio-8080-exec-1] INFO  c.d.leaf.controller.MainController - start!!!
